------------------------------------------------------------------------------------------
                      OverCon          OverCon          OverCon          OverCon
                       #GCell           #GCell           #GCell           #GCell  %GCell
       Layer          (1 - 2)          (3 - 4)          (5 - 6)          (7 - 8)  OverCon
------------------------------------------------------------------------------------------
     M1 ( 1)       0 ( 0.00%)       0 ( 0.00%)       0 ( 0.00%)       0 ( 0.00%)  ( 0.00%)
     M2 ( 2)      64 ( 0.05%)      32 ( 0.02%)       4 ( 0.00%)       2 ( 0.00%)  ( 0.08%)
     M3 ( 3)    1316 ( 0.98%)     164 ( 0.12%)      48 ( 0.04%)       7 ( 0.01%)  ( 1.14%)
     M4 ( 4)      52 ( 0.04%)       1 ( 0.00%)       0 ( 0.00%)       0 ( 0.00%)  ( 0.04%)
     M5 ( 5)     286 ( 0.21%)       5 ( 0.00%)       0 ( 0.00%)       0 ( 0.00%)  ( 0.22%)
     M6 ( 6)      66 ( 0.03%)       5 ( 0.00%)       0 ( 0.00%)       0 ( 0.00%)  ( 0.03%)
     M7 ( 7)     478 ( 0.23%)       9 ( 0.00%)       0 ( 0.00%)       0 ( 0.00%)  ( 0.24%)
     M8 ( 8)       0 ( 0.00%)       0 ( 0.00%)       0 ( 0.00%)       0 ( 0.00%)  ( 0.00%)
     M9 ( 9)      91 ( 0.06%)       0 ( 0.00%)       0 ( 0.00%)       0 ( 0.00%)  ( 0.06%)
   MRDL (10)       0 ( 0.00%)       0 ( 0.00%)       0 ( 0.00%)       0 ( 0.00%)  ( 0.00%)
------------------------------------------------------------------------------------------
       Total    2353 ( 0.17%)     216 ( 0.02%)      52 ( 0.00%)       9 ( 0.00%)  ( 0.19%)
------------------------------------------------------------------------------------------
2D Overflow (GR compatible) 0.39% H + 0.03% V
2D Overflow 0.45% H + 0.04% V
[hotspot] +------------+---------------+---------------+
[hotspot] |    layer   |  max hotspot  | total hotspot |
[hotspot] +------------+---------------+---------------+
[hotspot] |    M1(H)   |          0.00 |          0.00 |
[hotspot] |    M2(V)   |          1.31 |          2.36 |
[hotspot] |    M3(H)   |         63.93 |        103.48 |
[hotspot] |    M4(V)   |          0.00 |          0.00 |
[hotspot] |    M5(H)   |          8.79 |          9.57 |
[hotspot] |    M6(V)   |          0.26 |          0.52 |
[hotspot] |    M7(H)   |         74.30 |         79.80 |
[hotspot] |    M8(V)   |          0.00 |          0.00 |
[hotspot] |    M9(H)   |          1.57 |          2.62 |
[hotspot] |   MRDL(V)   |          0.00 |          0.00 |
[hotspot] +------------+---------------+---------------+
[hotspot] |   worst    | (M7)    74.30 | (M3)   103.48 |
[hotspot] +------------+---------------+---------------+
[hotspot] | all layers |        107.93 |        130.89 |
[hotspot] +------------+---------------+---------------+
Local HotSpot Analysis (3d): normalized congestion max/total hotspot area = 107.93/130.89 (area is in unit of 4 std-cell row bins)
[hotspot] top 5 congestion hotspot bounding boxes and scores of all layers hotspot
[hotspot] +-----+-------------------------------------+---------------+
[hotspot] | top |            hotspot bbox             | hotspot score |
[hotspot] +-----+-------------------------------------+---------------+
[hotspot] |  1  |   200.64    93.63   294.27   160.51 |      107.41   |
[hotspot] +-----+-------------------------------------+---------------+
[hotspot] |  2  |    93.63   107.01   120.38   133.76 |        4.98   |
[hotspot] +-----+-------------------------------------+---------------+
[hotspot] |  3  |   642.05   120.38   668.80   147.14 |        4.98   |
[hotspot] +-----+-------------------------------------+---------------+
[hotspot] |  4  |   521.66   722.30   548.42   740.70 |        3.02   |
[hotspot] +-----+-------------------------------------+---------------+
[hotspot] |  5  |   120.38   107.01   147.14   133.76 |        2.43   |
[hotspot] +-----+-------------------------------------+---------------+
