Usage: (20.9%H 12.2%V) = (5.237e+05um 6.257e+05um) = (313220 374210)
Overflow: 1072 = 1003 (0.46% H) + 70 (0.03% V)

Congestion distribution:

Remain	cntH		cntV
--------------------------------------
 -5:	17	 0.01%	4	 0.00%
 -4:	26	 0.01%	13	 0.01%
 -3:	54	 0.02%	1	 0.00%
 -2:	162	 0.07%	18	 0.01%
 -1:	588	 0.27%	5	 0.00%
--------------------------------------
  0:	4964	 2.29%	101	 0.05%
  1:	31869	14.72%	1650	 0.76%
  2:	29833	13.78%	6762	 3.11%
  3:	21626	 9.99%	19892	 9.15%
  4:	6737	 3.11%	26264	12.07%
  5:	120594	55.71%	162803	74.85%
[hotspot] +------------+---------------+---------------+
[hotspot] |            |   max hotspot | total hotspot |
[hotspot] +------------+---------------+---------------+
[hotspot] | normalized |        105.84 |        118.10 |
[hotspot] +------------+---------------+---------------+
Local HotSpot Analysis: normalized max congestion hotspot area = 105.84, normalized total congestion hotspot area = 118.10 (area is in unit of 4 std-cell row bins)
[hotspot] top 5 congestion hotspot bounding boxes and scores of normalized hotspot
[hotspot] +-----+-------------------------------------+---------------+
[hotspot] | top |            hotspot bbox             | hotspot score |
[hotspot] +-----+-------------------------------------+---------------+
[hotspot] |  1  |   200.64    93.63   294.27   160.51 |      105.84   |
[hotspot] +-----+-------------------------------------+---------------+
[hotspot] |  2  |    93.63   107.01   120.38   133.76 |        4.66   |
[hotspot] +-----+-------------------------------------+---------------+
[hotspot] |  3  |   521.66   722.30   548.42   740.70 |        3.02   |
[hotspot] +-----+-------------------------------------+---------------+
[hotspot] |  4  |   642.05   120.38   668.80   147.14 |        2.75   |
[hotspot] +-----+-------------------------------------+---------------+
[hotspot] |  5  |   227.39   214.02   254.14   240.77 |        0.79   |
[hotspot] +-----+-------------------------------------+---------------+
