------------------------------------------------------------------------------------------
                      OverCon          OverCon          OverCon          OverCon
                       #GCell           #GCell           #GCell           #GCell  %GCell
       Layer          (1 - 1)          (2 - 3)          (4 - 4)          (5 - 6)  OverCon
------------------------------------------------------------------------------------------
     M1 ( 1)       0 ( 0.00%)       0 ( 0.00%)       0 ( 0.00%)       0 ( 0.00%)  ( 0.00%)
     M2 ( 2)      62 ( 0.05%)      25 ( 0.02%)       0 ( 0.00%)       0 ( 0.00%)  ( 0.06%)
     M3 ( 3)     622 ( 0.46%)     217 ( 0.16%)      20 ( 0.01%)      20 ( 0.01%)  ( 0.66%)
     M4 ( 4)       9 ( 0.01%)       0 ( 0.00%)       0 ( 0.00%)       0 ( 0.00%)  ( 0.01%)
     M5 ( 5)     186 ( 0.14%)      20 ( 0.01%)       0 ( 0.00%)       0 ( 0.00%)  ( 0.15%)
     M6 ( 6)      71 ( 0.03%)       9 ( 0.00%)       0 ( 0.00%)       0 ( 0.00%)  ( 0.04%)
     M7 ( 7)     132 ( 0.06%)      23 ( 0.01%)       1 ( 0.00%)       0 ( 0.00%)  ( 0.08%)
     M8 ( 8)       3 ( 0.00%)       0 ( 0.00%)       0 ( 0.00%)       0 ( 0.00%)  ( 0.00%)
     M9 ( 9)       1 ( 0.00%)       0 ( 0.00%)       0 ( 0.00%)       0 ( 0.00%)  ( 0.00%)
   MRDL (10)       0 ( 0.00%)       0 ( 0.00%)       0 ( 0.00%)       0 ( 0.00%)  ( 0.00%)
------------------------------------------------------------------------------------------
       Total    1086 ( 0.08%)     294 ( 0.02%)      21 ( 0.00%)      20 ( 0.00%)  ( 0.10%)
------------------------------------------------------------------------------------------
2D Overflow (GR compatible) 0.20% H + 0.02% V
2D Overflow 0.23% H + 0.03% V
[hotspot] +------------+---------------+---------------+
[hotspot] |    layer   |  max hotspot  | total hotspot |
[hotspot] +------------+---------------+---------------+
[hotspot] |    M1(H)   |          0.00 |          0.00 |
[hotspot] |    M2(V)   |          0.26 |          0.52 |
[hotspot] |    M3(H)   |          1.84 |          7.87 |
[hotspot] |    M4(V)   |          0.00 |          0.00 |
[hotspot] |    M5(H)   |          0.52 |          0.79 |
[hotspot] |    M6(V)   |          0.00 |          0.00 |
[hotspot] |    M7(H)   |          3.15 |         10.75 |
[hotspot] |    M8(V)   |          0.00 |          0.00 |
[hotspot] |    M9(H)   |          0.00 |          0.00 |
[hotspot] |   MRDL(V)   |          0.00 |          0.00 |
[hotspot] +------------+---------------+---------------+
[hotspot] |   worst    | (M7)     3.15 | (M7)    10.75 |
[hotspot] +------------+---------------+---------------+
[hotspot] | all layers |          5.77 |         14.82 |
[hotspot] +------------+---------------+---------------+
Local HotSpot Analysis (3d): normalized congestion max/total hotspot area = 5.77/14.82 (area is in unit of 4 std-cell row bins)
[hotspot] top 5 congestion hotspot bounding boxes and scores of all layers hotspot
[hotspot] +-----+-------------------------------------+---------------+
[hotspot] | top |            hotspot bbox             | hotspot score |
[hotspot] +-----+-------------------------------------+---------------+
[hotspot] |  1  |   240.77   107.01   267.52   133.76 |        3.02   |
[hotspot] +-----+-------------------------------------+---------------+
[hotspot] |  2  |   521.66   722.30   548.42   740.70 |        3.02   |
[hotspot] +-----+-------------------------------------+---------------+
[hotspot] |  3  |   548.42   722.30   575.17   740.70 |        1.44   |
[hotspot] +-----+-------------------------------------+---------------+
[hotspot] |  4  |   214.02   668.80   240.77   695.55 |        1.05   |
[hotspot] +-----+-------------------------------------+---------------+
[hotspot] |  5  |   240.77   668.80   267.52   695.55 |        1.05   |
[hotspot] +-----+-------------------------------------+---------------+
