Usage: (20.5%H 12.1%V) = (5.154e+05um 6.264e+05um) = (308230 374655)
Overflow: 224 = 216 (0.10% H) + 7 (0.00% V)

Congestion distribution:

Remain	cntH		cntV
--------------------------------------
 -5:	14	 0.01%	0	 0.00%
 -4:	3	 0.00%	0	 0.00%
 -3:	8	 0.00%	0	 0.00%
 -2:	27	 0.01%	1	 0.00%
 -1:	124	 0.06%	6	 0.00%
--------------------------------------
  0:	5215	 2.41%	220	 0.10%
  1:	31645	14.62%	1671	 0.77%
  2:	29474	13.62%	7478	 3.44%
  3:	21784	10.06%	19146	 8.80%
  4:	6900	 3.19%	25896	11.91%
  5:	121268	56.02%	163095	74.98%
[hotspot] +------------+---------------+---------------+
[hotspot] |            |   max hotspot | total hotspot |
[hotspot] +------------+---------------+---------------+
[hotspot] | normalized |          4.85 |          6.95 |
[hotspot] +------------+---------------+---------------+
Local HotSpot Analysis: normalized max congestion hotspot area = 4.85, normalized total congestion hotspot area = 6.95 (area is in unit of 4 std-cell row bins)
[hotspot] top 5 congestion hotspot bounding boxes and scores of normalized hotspot
[hotspot] +-----+-------------------------------------+---------------+
[hotspot] | top |            hotspot bbox             | hotspot score |
[hotspot] +-----+-------------------------------------+---------------+
[hotspot] |  1  |   535.04   722.30   561.79   740.70 |        3.02   |
[hotspot] +-----+-------------------------------------+---------------+
[hotspot] |  2  |   214.02   668.80   240.77   695.55 |        1.05   |
[hotspot] +-----+-------------------------------------+---------------+
[hotspot] |  3  |   240.77   668.80   267.52   695.55 |        1.05   |
[hotspot] +-----+-------------------------------------+---------------+
[hotspot] |  4  |   267.52   668.80   294.27   695.55 |        0.52   |
[hotspot] +-----+-------------------------------------+---------------+
[hotspot] |  5  |   508.29   722.30   535.04   740.70 |        0.52   |
[hotspot] +-----+-------------------------------------+---------------+
